<?xml version="1.0" encoding="UTF-8"?>
<testng-results ignored="0" total="1" passed="1" failed="0" skipped="0">
  <reporter-output>
  </reporter-output>
  <suite started-at="2025-02-16T19:35:14 IST" name="Default suite" finished-at="2025-02-16T19:35:19 IST" duration-ms="4487">
    <groups>
    </groups>
    <test started-at="2025-02-16T19:35:14 IST" name="Default test" finished-at="2025-02-16T19:35:19 IST" duration-ms="4487">
      <class name="org.gravity.automation_framework.api.ApiTest">
        <test-method is-config="true" signature="setUp()[pri:0, instance:org.gravity.automation_framework.api.ApiTest@4802796d]" started-at="2025-02-16T19:35:14 IST" name="setUp" finished-at="2025-02-16T19:35:16 IST" duration-ms="1589" status="PASS">
          <reporter-output>
          </reporter-output>
        </test-method> <!-- setUp -->
        <test-method signature="testCreateUser()[pri:0, instance:org.gravity.automation_framework.api.ApiTest@4802796d]" started-at="2025-02-16T19:35:16 IST" name="testCreateUser" finished-at="2025-02-16T19:35:19 IST" duration-ms="2826" status="PASS">
          <reporter-output>
          </reporter-output>
        </test-method> <!-- testCreateUser -->
      </class> <!-- org.gravity.automation_framework.api.ApiTest -->
    </test> <!-- Default test -->
  </suite> <!-- Default suite -->
</testng-results>
